[2026-04-16 17:39:50,587] INFO [QuorumController id=1] Creating new QuorumController with clusterId EmSjmvxMRMOMacRRoxZA7g. (org.apache.kafka.controller.QuorumController)
[2026-04-16 17:39:50,588] INFO [QuorumController id=1] Becoming the active controller at epoch 1, next write offset 1. (org.apache.kafka.controller.QuorumController)
[2026-04-16 17:39:50,589] WARN [QuorumController id=1] Performing controller activation. The metadata log appears to be empty. Appending 1 bootstrap record(s) in metadata transaction at metadata.version 3.9-IV0 from bootstrap source 'the binary bootstrap metadata file: ./kafka/temp/bootstrap.checkpoint'. Setting the ZK migration state to NONE since this is a de-novo KRaft cluster. (org.apache.kafka.controller.QuorumController)
[2026-04-16 17:39:50,590] INFO [QuorumController id=1] Replayed BeginTransactionRecord(name='Bootstrap records') at offset 1. (org.apache.kafka.controller.OffsetControlManager)
[2026-04-16 17:39:50,590] INFO [QuorumController id=1] Replayed a FeatureLevelRecord setting metadata.version to 3.9-IV0 (org.apache.kafka.controller.FeatureControlManager)
[2026-04-16 17:39:50,590] INFO [QuorumController id=1] Replayed EndTransactionRecord() at offset 4. (org.apache.kafka.controller.OffsetControlManager)
[2026-04-16 17:39:50,647] INFO [QuorumController id=1] Replayed RegisterControllerRecord contaning ControllerRegistration(id=1, incarnationId=QEyreydXQbOFCzcLaE37Qw, zkMigrationReady=false, listeners=[Endpoint(listenerName='CONTROLLER', securityProtocol=PLAINTEXT, host='localhost', port=9093)], supportedFeatures={kraft.version: 0-1, metadata.version: 1-21}). (org.apache.kafka.controller.ClusterControlManager)
[2026-04-16 17:39:50,648] INFO [QuorumController id=1] No previous registration found for broker 1. New incarnation ID is E-YlS6VmRZeRFgPS4XDRnA.  Generated 0 record(s) to clean up previous incarnations. New broker epoch is 6. (org.apache.kafka.controller.ClusterControlManager)
[2026-04-16 17:39:50,648] INFO [QuorumController id=1] Replayed initial RegisterBrokerRecord for broker 1: RegisterBrokerRecord(brokerId=1, isMigratingZkBroker=false, incarnationId=E-YlS6VmRZeRFgPS4XDRnA, brokerEpoch=6, endPoints=[BrokerEndpoint(name='PLAINTEXT', host='localhost', port=9094, securityProtocol=0)], features=[BrokerFeature(name='kraft.version', minSupportedVersion=0, maxSupportedVersion=1), BrokerFeature(name='metadata.version', minSupportedVersion=1, maxSupportedVersion=21)], rack=null, fenced=true, inControlledShutdown=false, logDirs=[u-s969xYg12uUFNxfYpO_A]) (org.apache.kafka.controller.ClusterControlManager)
[2026-04-16 17:39:50,684] INFO [QuorumController id=1] The request from broker 1 to unfence has been granted because it has caught up with the offset of its register broker record 6. (org.apache.kafka.controller.BrokerHeartbeatManager)
[2026-04-16 17:39:50,686] INFO [QuorumController id=1] Replayed BrokerRegistrationChangeRecord modifying the registration for broker 1: BrokerRegistrationChangeRecord(brokerId=1, brokerEpoch=6, fenced=-1, inControlledShutdown=0, logDirs=[]) (org.apache.kafka.controller.ClusterControlManager)
[2026-04-16 17:40:02,623] INFO [QuorumController id=1] CreateTopics result(s): CreatableTopic(name='te-topic', numPartitions=3, replicationFactor=1, assignments=[], configs=[]): SUCCESS (org.apache.kafka.controller.ReplicationControlManager)
[2026-04-16 17:40:02,624] INFO [QuorumController id=1] Replayed TopicRecord for topic te-topic with topic ID kBItQ0ByS9qbB-Dl1Wc1-g. (org.apache.kafka.controller.ReplicationControlManager)
[2026-04-16 17:40:02,624] INFO [QuorumController id=1] Replayed PartitionRecord for new partition te-topic-0 with topic ID kBItQ0ByS9qbB-Dl1Wc1-g and PartitionRegistration(replicas=[1], directories=[u-s969xYg12uUFNxfYpO_A], isr=[1], removingReplicas=[], addingReplicas=[], elr=[], lastKnownElr=[], leader=1, leaderRecoveryState=RECOVERED, leaderEpoch=0, partitionEpoch=0). (org.apache.kafka.controller.ReplicationControlManager)
[2026-04-16 17:40:02,628] INFO [QuorumController id=1] Replayed PartitionRecord for new partition te-topic-1 with topic ID kBItQ0ByS9qbB-Dl1Wc1-g and PartitionRegistration(replicas=[1], directories=[u-s969xYg12uUFNxfYpO_A], isr=[1], removingReplicas=[], addingReplicas=[], elr=[], lastKnownElr=[], leader=1, leaderRecoveryState=RECOVERED, leaderEpoch=0, partitionEpoch=0). (org.apache.kafka.controller.ReplicationControlManager)
[2026-04-16 17:40:02,628] INFO [QuorumController id=1] Replayed PartitionRecord for new partition te-topic-2 with topic ID kBItQ0ByS9qbB-Dl1Wc1-g and PartitionRegistration(replicas=[1], directories=[u-s969xYg12uUFNxfYpO_A], isr=[1], removingReplicas=[], addingReplicas=[], elr=[], lastKnownElr=[], leader=1, leaderRecoveryState=RECOVERED, leaderEpoch=0, partitionEpoch=0). (org.apache.kafka.controller.ReplicationControlManager)
[2026-04-16 17:40:03,571] INFO [QuorumController id=1] Unfenced broker 1 has requested and been granted a controlled shutdown. (org.apache.kafka.controller.BrokerHeartbeatManager)
[2026-04-16 17:40:03,572] INFO [QuorumController id=1] enterControlledShutdown[1]: changing 3 partition(s) (org.apache.kafka.controller.ReplicationControlManager)
[2026-04-16 17:40:03,572] INFO [QuorumController id=1] Replayed BrokerRegistrationChangeRecord modifying the registration for broker 1: BrokerRegistrationChangeRecord(brokerId=1, brokerEpoch=6, fenced=0, inControlledShutdown=1, logDirs=[]) (org.apache.kafka.controller.ClusterControlManager)
[2026-04-16 17:40:03,663] INFO [QuorumController id=1] The request from broker 1 to shut down has been granted since the lowest active offset 9223372036854775807 is now greater than the broker's controlled shutdown offset 40. (org.apache.kafka.controller.BrokerHeartbeatManager)
[2026-04-16 17:40:03,663] INFO [QuorumController id=1] Replayed BrokerRegistrationChangeRecord modifying the registration for broker 1: BrokerRegistrationChangeRecord(brokerId=1, brokerEpoch=6, fenced=1, inControlledShutdown=0, logDirs=[]) (org.apache.kafka.controller.ClusterControlManager)
[2026-04-16 17:40:03,789] INFO [QuorumController id=1] writeNoOpRecord: event unable to start processing because of RejectedExecutionException (treated as TimeoutException). Exception message: The event queue is shutting down (org.apache.kafka.controller.QuorumController)
[2026-04-16 17:40:03,789] INFO [QuorumController id=1] maybeBalancePartitionLeaders: event unable to start processing because of RejectedExecutionException (treated as TimeoutException). Exception message: The event queue is shutting down (org.apache.kafka.controller.QuorumController)
[2026-04-16 17:40:03,789] INFO [QuorumController id=1] maybeElectUncleanLeaders: event unable to start processing because of RejectedExecutionException (treated as TimeoutException). Exception message: The event queue is shutting down (org.apache.kafka.controller.QuorumController)
